#
# There is insufficient memory for the Java Runtime Environment to continue.
# Native memory allocation (malloc) failed to allocate 750896 bytes. Error detail: Chunk::new
# Possible reasons:
#   The system is out of physical RAM or swap space
#   This process is running with CompressedOops enabled, and the Java Heap may be blocking the growth of the native heap
# Possible solutions:
#   Reduce memory load on the system
#   Increase physical memory or swap space
#   Check if swap backing store is full
#   Decrease Java heap size (-Xmx/-Xms)
#   Decrease number of Java threads
#   Decrease Java thread stack sizes (-Xss)
#   Set larger code cache with -XX:ReservedCodeCacheSize=
#   JVM is running with Unscaled Compressed Oops mode in which the Java heap is
#     placed in the first 4GB address space. The Java Heap base address is the
#     maximum limit for the native heap growth. Please use -XX:HeapBaseMinAddress
#     to set the Java Heap base and to place the Java Heap above 4GB virtual address.
# This output file may be truncated or incomplete.
#
#  Out of Memory Error (arena.cpp:168), pid=15368, tid=16572
#
# JRE version: OpenJDK Runtime Environment Temurin-21.0.8+9 (21.0.8+9) (build 21.0.8+9-LTS)
# Java VM: OpenJDK 64-Bit Server VM Temurin-21.0.8+9 (21.0.8+9-LTS, mixed mode, sharing, tiered, compressed oops, compressed class ptrs, parallel gc, windows-amd64)
# No core dump will be written. Minidumps are not enabled by default on client versions of Windows
#

---------------  S U M M A R Y ------------

Command Line: --add-modules=ALL-SYSTEM --add-opens=java.base/java.util=ALL-UNNAMED --add-opens=java.base/java.lang=ALL-UNNAMED --add-opens=java.base/sun.nio.fs=ALL-UNNAMED -Declipse.application=org.eclipse.jdt.ls.core.id1 -Dosgi.bundles.defaultStartLevel=4 -Declipse.product=org.eclipse.jdt.ls.core.product -Djava.import.generatesMetadataFilesAtProjectRoot=false -DDetectVMInstallationsJob.disabled=true -Dfile.encoding=utf8 -XX:+UseParallelGC -XX:GCTimeRatio=4 -XX:AdaptiveSizePolicyWeight=90 -Dsun.zip.disableMemoryMapping=true -Xmx2G -Xms100m -Xlog:disable -javaagent:c:\Users\User\.vscode\extensions\redhat.java-1.46.0-win32-x64\lombok\lombok-1.18.39-4050.jar -XX:+HeapDumpOnOutOfMemoryError -XX:HeapDumpPath=c:\Users\User\AppData\Roaming\Code\User\workspaceStorage\d4b9012fc853282cb1a6ceb822681516\redhat.java -Daether.dependencyCollector.impl=bf c:\Users\User\.vscode\extensions\redhat.java-1.46.0-win32-x64\server\plugins\org.eclipse.equinox.launcher_1.7.0.v20250519-0528.jar -configuration c:\Users\User\AppData\Roaming\Code\User\globalStorage\redhat.java\1.46.0\config_win -data c:\Users\User\AppData\Roaming\Code\User\workspaceStorage\d4b9012fc853282cb1a6ceb822681516\redhat.java\jdt_ws --pipe=\\.\pipe\lsp-3fa24c5f4344f422b42c9c1960af00d0-sock

Host: Intel(R) Core(TM) i5-8250U CPU @ 1.60GHz, 8 cores, 7G,  Windows 10 , 64 bit Build 19041 (10.0.19041.5915)
Time: Thu Oct 23 00:07:26 2025 Hora oficial do Brasil elapsed time: 12.508328 seconds (0d 0h 0m 12s)

---------------  T H R E A D  ---------------

Current thread (0x0000022d73da9a00):  JavaThread "C2 CompilerThread0" daemon [_thread_in_native, id=16572, stack(0x000000e260700000,0x000000e260800000) (1024K)]


Current CompileTask:
C2:12508 4299   !   4       org.eclipse.osgi.internal.loader.classpath.ClasspathManager::findClassImpl (343 bytes)

Stack: [0x000000e260700000,0x000000e260800000]
Native frames: (J=compiled Java code, j=interpreted, Vv=VM code, C=native code)
V  [jvm.dll+0x6d2449]
V  [jvm.dll+0x8ae341]
V  [jvm.dll+0x8b08be]
V  [jvm.dll+0x8b0fa3]
V  [jvm.dll+0x280c96]
V  [jvm.dll+0xc581d]
V  [jvm.dll+0xc5d53]
V  [jvm.dll+0x2f539d]
V  [jvm.dll+0x5fa00a]
V  [jvm.dll+0x252092]
V  [jvm.dll+0x24ab3f]
V  [jvm.dll+0x2483a4]
V  [jvm.dll+0x1c89ee]
V  [jvm.dll+0x257d4d]
V  [jvm.dll+0x2562ea]
V  [jvm.dll+0x3f2d16]
V  [jvm.dll+0x857e6b]
V  [jvm.dll+0x6d0b0d]
C  [ucrtbase.dll+0x21bb2]
C  [KERNEL32.DLL+0x17374]
C  [ntdll.dll+0x4cc91]


---------------  P R O C E S S  ---------------

Threads class SMR info:
_java_thread_list=0x0000022d7e967fa0, length=37, elements={
0x0000022d73e31770, 0x0000022d73d9b9b0, 0x0000022d73d9cff0, 0x0000022d73da0640,
0x0000022d73da1510, 0x0000022d73da2160, 0x0000022d73da4bc0, 0x0000022d73da9a00,
0x0000022d7d09d240, 0x0000022d73ef5810, 0x0000022d7d370e60, 0x0000022d7dcc5770,
0x0000022d7dcb3040, 0x0000022d7dc70080, 0x0000022d7dc706e0, 0x0000022d7dd921b0,
0x0000022d7dddc0e0, 0x0000022d7de5f760, 0x0000022d7d32ef20, 0x0000022d7de7b7b0,
0x0000022d7e65a040, 0x0000022d7de7aa90, 0x0000022d7de7c4d0, 0x0000022d7de7be40,
0x0000022d7de7b120, 0x0000022d7de7a400, 0x0000022d7de7cb60, 0x0000022d7de796e0,
0x0000022d7de79d70, 0x0000022d7f2d1470, 0x0000022d7f2d3540, 0x0000022d7f2d3bd0,
0x0000022d7f2ce680, 0x0000022d7f2d1b00, 0x0000022d7f2cf3a0, 0x0000022d7f2cfa30,
0x0000022d7f2d00c0
}

Java Threads: ( => current thread )
  0x0000022d73e31770 JavaThread "main"                              [_thread_blocked, id=6248, stack(0x000000e25fc00000,0x000000e25fd00000) (1024K)]
  0x0000022d73d9b9b0 JavaThread "Reference Handler"          daemon [_thread_blocked, id=8712, stack(0x000000e260100000,0x000000e260200000) (1024K)]
  0x0000022d73d9cff0 JavaThread "Finalizer"                  daemon [_thread_blocked, id=15200, stack(0x000000e260200000,0x000000e260300000) (1024K)]
  0x0000022d73da0640 JavaThread "Signal Dispatcher"          daemon [_thread_blocked, id=13604, stack(0x000000e260300000,0x000000e260400000) (1024K)]
  0x0000022d73da1510 JavaThread "Attach Listener"            daemon [_thread_blocked, id=11072, stack(0x000000e260400000,0x000000e260500000) (1024K)]
  0x0000022d73da2160 JavaThread "Service Thread"             daemon [_thread_blocked, id=17380, stack(0x000000e260500000,0x000000e260600000) (1024K)]
  0x0000022d73da4bc0 JavaThread "Monitor Deflation Thread"   daemon [_thread_blocked, id=2368, stack(0x000000e260600000,0x000000e260700000) (1024K)]
=>0x0000022d73da9a00 JavaThread "C2 CompilerThread0"         daemon [_thread_in_native, id=16572, stack(0x000000e260700000,0x000000e260800000) (1024K)]
  0x0000022d7d09d240 JavaThread "C1 CompilerThread0"         daemon [_thread_blocked, id=8276, stack(0x000000e260800000,0x000000e260900000) (1024K)]
  0x0000022d73ef5810 JavaThread "Common-Cleaner"             daemon [_thread_blocked, id=12336, stack(0x000000e260900000,0x000000e260a00000) (1024K)]
  0x0000022d7d370e60 JavaThread "Notification Thread"        daemon [_thread_blocked, id=13676, stack(0x000000e260b00000,0x000000e260c00000) (1024K)]
  0x0000022d7dcc5770 JavaThread "Active Thread: Equinox Container: 3797539e-4bee-49d3-ab22-2ca60673ce49"        [_thread_blocked, id=16692, stack(0x000000e261200000,0x000000e261300000) (1024K)]
  0x0000022d7dcb3040 JavaThread "Refresh Thread: Equinox Container: 3797539e-4bee-49d3-ab22-2ca60673ce49" daemon [_thread_blocked, id=7104, stack(0x000000e261300000,0x000000e261400000) (1024K)]
  0x0000022d7dc70080 JavaThread "Framework Event Dispatcher: Equinox Container: 3797539e-4bee-49d3-ab22-2ca60673ce49" daemon [_thread_blocked, id=8664, stack(0x000000e261500000,0x000000e261600000) (1024K)]
  0x0000022d7dc706e0 JavaThread "Start Level: Equinox Container: 3797539e-4bee-49d3-ab22-2ca60673ce49" daemon [_thread_blocked, id=10824, stack(0x000000e261600000,0x000000e261700000) (1024K)]
  0x0000022d7dd921b0 JavaThread "Bundle File Closer"         daemon [_thread_blocked, id=14308, stack(0x000000e260a00000,0x000000e260b00000) (1024K)]
  0x0000022d7dddc0e0 JavaThread "SCR Component Actor"        daemon [_thread_blocked, id=13412, stack(0x000000e261700000,0x000000e261800000) (1024K)]
  0x0000022d7de5f760 JavaThread "Worker-JM"                         [_thread_blocked, id=11976, stack(0x000000e261800000,0x000000e261900000) (1024K)]
  0x0000022d7d32ef20 JavaThread "Worker-0: Repository registry initialization"        [_thread_blocked, id=2260, stack(0x000000e261900000,0x000000e261a00000) (1024K)]
  0x0000022d7de7b7b0 JavaThread "Worker-1: Updating Maven Dependencies"        [_thread_blocked, id=4932, stack(0x000000e261a00000,0x000000e261b00000) (1024K)]
  0x0000022d7e65a040 JavaThread "C2 CompilerThread1"         daemon [_thread_blocked, id=2396, stack(0x000000e261b00000,0x000000e261c00000) (1024K)]
  0x0000022d7de7aa90 JavaThread "Worker-2: Loading available Gradle versions"        [_thread_blocked, id=15900, stack(0x000000e261c00000,0x000000e261d00000) (1024K)]
  0x0000022d7de7c4d0 JavaThread "Worker-3: Initialize After Load"        [_thread_blocked, id=3444, stack(0x000000e261d00000,0x000000e261e00000) (1024K)]
  0x0000022d7de7be40 JavaThread "Java indexing"              daemon [_thread_blocked, id=5000, stack(0x000000e261e00000,0x000000e261f00000) (1024K)]
  0x0000022d7de7b120 JavaThread "JNA Cleaner"                daemon [_thread_blocked, id=16380, stack(0x000000e261f00000,0x000000e262000000) (1024K)]
  0x0000022d7de7a400 JavaThread "Worker-4"                          [_thread_blocked, id=14164, stack(0x000000e262200000,0x000000e262300000) (1024K)]
  0x0000022d7de7cb60 JavaThread "Worker-5"                          [_thread_blocked, id=17356, stack(0x000000e262300000,0x000000e262400000) (1024K)]
  0x0000022d7de796e0 JavaThread "Thread-1"                   daemon [_thread_in_native, id=16576, stack(0x000000e262400000,0x000000e262500000) (1024K)]
  0x0000022d7de79d70 JavaThread "Thread-2"                   daemon [_thread_in_native, id=9596, stack(0x000000e262500000,0x000000e262600000) (1024K)]
  0x0000022d7f2d1470 JavaThread "Thread-3"                   daemon [_thread_in_native, id=10608, stack(0x000000e262600000,0x000000e262700000) (1024K)]
  0x0000022d7f2d3540 JavaThread "Thread-4"                   daemon [_thread_in_native, id=5880, stack(0x000000e262700000,0x000000e262800000) (1024K)]
  0x0000022d7f2d3bd0 JavaThread "Thread-5"                   daemon [_thread_in_native, id=12776, stack(0x000000e262800000,0x000000e262900000) (1024K)]
  0x0000022d7f2ce680 JavaThread "Thread-6"                   daemon [_thread_in_native, id=2748, stack(0x000000e262900000,0x000000e262a00000) (1024K)]
  0x0000022d7f2d1b00 JavaThread "Thread-7"                   daemon [_thread_in_native, id=9460, stack(0x000000e262a00000,0x000000e262b00000) (1024K)]
  0x0000022d7f2cf3a0 JavaThread "Thread-8"                   daemon [_thread_in_native, id=14260, stack(0x000000e262b00000,0x000000e262c00000) (1024K)]
  0x0000022d7f2cfa30 JavaThread "Thread-9"                   daemon [_thread_in_native, id=6344, stack(0x000000e262c00000,0x000000e262d00000) (1024K)]
  0x0000022d7f2d00c0 JavaThread "Framework stop - Equinox Container: 3797539e-4bee-49d3-ab22-2ca60673ce49"        [_thread_blocked, id=2792, stack(0x000000e262d00000,0x000000e262e00000) (1024K)]
Total: 37

Other Threads:
  0x0000022d73d7fda0 VMThread "VM Thread"                           [id=4076, stack(0x000000e260000000,0x000000e260100000) (1024K)]
  0x0000022d73c71b20 WatcherThread "VM Periodic Task Thread"        [id=12040, stack(0x000000e25ff00000,0x000000e260000000) (1024K)]
  0x0000022d73e4e150 WorkerThread "GC Thread#0"                     [id=4528, stack(0x000000e25fe00000,0x000000e25ff00000) (1024K)]
  0x0000022d7d720e20 WorkerThread "GC Thread#1"                     [id=11904, stack(0x000000e260c00000,0x000000e260d00000) (1024K)]
  0x0000022d7d6ab360 WorkerThread "GC Thread#2"                     [id=14256, stack(0x000000e260d00000,0x000000e260e00000) (1024K)]
  0x0000022d7d6ab700 WorkerThread "GC Thread#3"                     [id=16308, stack(0x000000e260e00000,0x000000e260f00000) (1024K)]
  0x0000022d7dc482f0 WorkerThread "GC Thread#4"                     [id=5652, stack(0x000000e260f00000,0x000000e261000000) (1024K)]
  0x0000022d7dc48690 WorkerThread "GC Thread#5"                     [id=15236, stack(0x000000e261000000,0x000000e261100000) (1024K)]
  0x0000022d7d7193a0 WorkerThread "GC Thread#6"                     [id=5644, stack(0x000000e261100000,0x000000e261200000) (1024K)]
  0x0000022d7d8c4f80 WorkerThread "GC Thread#7"                     [id=5436, stack(0x000000e261400000,0x000000e261500000) (1024K)]
Total: 10

Threads with active compile tasks:
C2 CompilerThread0  12603 4299   !   4       org.eclipse.osgi.internal.loader.classpath.ClasspathManager::findClassImpl (343 bytes)
C1 CompilerThread0  12603 4522       3       org.eclipse.osgi.internal.loader.ModuleClassLoader::getResource (121 bytes)
C2 CompilerThread1  12603 4506       4       java.util.HashSet::add (20 bytes)
Total: 3

VM state: at safepoint (normal execution)

VM Mutex/Monitor currently owned by a thread:  ([mutex/lock_event])
[0x00007ffc9e265458] Threads_lock - owner thread: 0x0000022d73d7fda0
[0x00007ffc9e265558] Heap_lock - owner thread: 0x0000022d7de7aa90

Heap address: 0x0000000080000000, size: 2048 MB, Compressed Oops mode: 32-bit

CDS archive(s) mapped at: [0x0000022d0f000000-0x0000022d0fba0000-0x0000022d0fba0000), size 12189696, SharedBaseAddress: 0x0000022d0f000000, ArchiveRelocationMode: 1.
Compressed class space mapped at: 0x0000022d10000000-0x0000022d50000000, reserved size: 1073741824
Narrow klass base: 0x0000022d0f000000, Narrow klass shift: 0, Narrow klass range: 0x100000000

GC Precious Log:
 CardTable entry size: 512
 CPUs: 8 total, 8 available
 Memory: 8068M
 Large Page Support: Disabled
 NUMA Support: Disabled
 Compressed Oops: Enabled (32-bit)
 Alignments: Space 512K, Generation 512K, Heap 2M
 Heap Min Capacity: 100M
 Heap Initial Capacity: 100M
 Heap Max Capacity: 2G
 Pre-touch: Disabled
 Parallel Workers: 8

Heap:
 PSYoungGen      total 22528K, used 256K [0x00000000d5580000, 0x00000000d7380000, 0x0000000100000000)
  eden space 22016K, 0% used [0x00000000d5580000,0x00000000d5580000,0x00000000d6b00000)
  from space 512K, 50% used [0x00000000d7300000,0x00000000d7340000,0x00000000d7380000)
  to   space 1024K, 0% used [0x00000000d7180000,0x00000000d7180000,0x00000000d7280000)
 ParOldGen       total 68608K, used 18380K [0x0000000080000000, 0x0000000084300000, 0x00000000d5580000)
  object space 68608K, 26% used [0x0000000080000000,0x00000000811f3248,0x0000000084300000)
 Metaspace       used 34726K, committed 35840K, reserved 1114112K
  class space    used 3613K, committed 4032K, reserved 1048576K

Card table byte_map: [0x0000022d737e0000,0x0000022d73bf0000] _byte_map_base: 0x0000022d733e0000

Marking Bits: (ParMarkBitMap*) 0x00007ffc9e26a340
 Begin Bits: [0x0000022d772e0000, 0x0000022d792e0000)
 End Bits:   [0x0000022d792e0000, 0x0000022d7b2e0000)

Polling page: 0x0000022d71df0000

Metaspace:

Usage:
  Non-class:     30.38 MB used.
      Class:      3.53 MB used.
       Both:     33.91 MB used.

Virtual space:
  Non-class space:       64.00 MB reserved,      31.06 MB ( 49%) committed,  1 nodes.
      Class space:        1.00 GB reserved,       3.94 MB ( <1%) committed,  1 nodes.
             Both:        1.06 GB reserved,      35.00 MB (  3%) committed. 

Chunk freelists:
   Non-Class:  592.00 KB
       Class:  12.11 MB
        Both:  12.69 MB

MaxMetaspaceSize: unlimited
CompressedClassSpaceSize: 1.00 GB
Initial GC threshold: 21.00 MB
Current GC threshold: 35.00 MB
CDS: on
 - commit_granule_bytes: 65536.
 - commit_granule_words: 8192.
 - virtual_space_node_default_size: 8388608.
 - enlarge_chunks_in_place: 1.
 - use_allocation_guard: 0.


Internal statistics:

num_allocs_failed_limit: 6.
num_arena_births: 728.
num_arena_deaths: 14.
num_vsnodes_births: 2.
num_vsnodes_deaths: 0.
num_space_committed: 560.
num_space_uncommitted: 0.
num_chunks_returned_to_freelist: 20.
num_chunks_taken_from_freelist: 2153.
num_chunk_merges: 9.
num_chunk_splits: 1359.
num_chunks_enlarged: 819.
num_inconsistent_stats: 0.

CodeHeap 'non-profiled nmethods': size=120000Kb used=1789Kb max_used=2175Kb free=118210Kb
 bounds [0x0000022d07ad0000, 0x0000022d07d40000, 0x0000022d0f000000]
CodeHeap 'profiled nmethods': size=120000Kb used=8030Kb max_used=9564Kb free=111969Kb
 bounds [0x0000022d00000000, 0x0000022d00960000, 0x0000022d07530000]
CodeHeap 'non-nmethods': size=5760Kb used=1354Kb max_used=1410Kb free=4405Kb
 bounds [0x0000022d07530000, 0x0000022d077a0000, 0x0000022d07ad0000]
CodeCache: size=245760Kb, used=11173Kb, max_used=13149Kb, free=234584Kb
 total_blobs=4606, nmethods=3956, adapters=556, full_count=0
Compilation: enabled, stopped_count=0, restarted_count=0

Compilation events (20 events):
Event: 12.500 Thread 0x0000022d7e65a040 nmethod 4457 0x0000022d07cea610 code [0x0000022d07cea7a0, 0x0000022d07cea968]
Event: 12.500 Thread 0x0000022d7e65a040 4415       4       org.objectweb.asm.ClassReader::readUnsignedShort (26 bytes)
Event: 12.501 Thread 0x0000022d7d09d240 nmethod 4460 0x0000022d00930b10 code [0x0000022d00930d00, 0x0000022d00931438]
Event: 12.501 Thread 0x0000022d7d09d240 4459   !   3       java.security.Provider$Service::newInstanceUtil (60 bytes)
Event: 12.501 Thread 0x0000022d7e65a040 nmethod 4415 0x0000022d07ceaa90 code [0x0000022d07ceac20, 0x0000022d07cead28]
Event: 12.501 Thread 0x0000022d7e65a040 4465       4       java.lang.Thread::getContextClassLoader (30 bytes)
Event: 12.502 Thread 0x0000022d7d09d240 nmethod 4459 0x0000022d00931710 code [0x0000022d009319e0, 0x0000022d009326b0]
Event: 12.502 Thread 0x0000022d7d09d240 4461   !   3       org.eclipse.osgi.framework.eventmgr.ListenerQueue::dispatchEventSynchronous (81 bytes)
Event: 12.502 Thread 0x0000022d7e65a040 nmethod 4465 0x0000022d07ceae10 code [0x0000022d07ceafa0, 0x0000022d07ceb050]
Event: 12.502 Thread 0x0000022d7e65a040 4353       4       java.util.stream.AbstractPipeline::isParallel (8 bytes)
Event: 12.503 Thread 0x0000022d7d09d240 nmethod 4461 0x0000022d00932c10 code [0x0000022d00932e60, 0x0000022d00933950]
Event: 12.503 Thread 0x0000022d7d09d240 4464       3       org.eclipse.osgi.internal.framework.FilterImpl$Item::compare_ObjectArray (38 bytes)
Event: 12.503 Thread 0x0000022d7e65a040 nmethod 4353 0x0000022d07ceb110 code [0x0000022d07ceb2a0, 0x0000022d07ceb348]
Event: 12.503 Thread 0x0000022d7d09d240 nmethod 4464 0x0000022d00933c10 code [0x0000022d00933de0, 0x0000022d00934078]
Event: 12.503 Thread 0x0000022d7d09d240 4463       3       org.eclipse.osgi.internal.serviceregistry.ServiceRegistry::hasListenServicePermission (53 bytes)
Event: 12.503 Thread 0x0000022d7e65a040 4346       4       jdk.internal.misc.Unsafe::weakCompareAndSetInt (11 bytes)
Event: 12.504 Thread 0x0000022d7e65a040 nmethod 4346 0x0000022d07ceb410 code [0x0000022d07ceb5a0, 0x0000022d07ceb638]
Event: 12.504 Thread 0x0000022d7d09d240 nmethod 4463 0x0000022d00934190 code [0x0000022d009343c0, 0x0000022d00934ae8]
Event: 12.504 Thread 0x0000022d7e65a040 4118       4       java.util.TreeMap::clear (21 bytes)
Event: 12.504 Thread 0x0000022d7d09d240 4462       3       sun.reflect.annotation.AnnotationInvocationHandler::invoke (182 bytes)

GC Heap History (20 events):
Event: 6.433 GC heap before
{Heap before GC invocations=4 (full 0):
 PSYoungGen      total 29696K, used 29677K [0x00000000d5580000, 0x00000000d7680000, 0x0000000100000000)
  eden space 25600K, 100% used [0x00000000d5580000,0x00000000d6e80000,0x00000000d6e80000)
  from space 4096K, 99% used [0x00000000d6e80000,0x00000000d727b6e8,0x00000000d7280000)
  to   space 4096K, 0% used [0x00000000d7280000,0x00000000d7280000,0x00000000d7680000)
 ParOldGen       total 68608K, used 4700K [0x0000000080000000, 0x0000000084300000, 0x00000000d5580000)
  object space 68608K, 6% used [0x0000000080000000,0x0000000080497028,0x0000000084300000)
 Metaspace       used 12096K, committed 12544K, reserved 1114112K
  class space    used 1292K, committed 1472K, reserved 1048576K
}
Event: 6.440 GC heap after
{Heap after GC invocations=4 (full 0):
 PSYoungGen      total 29696K, used 4095K [0x00000000d5580000, 0x00000000d7680000, 0x0000000100000000)
  eden space 25600K, 0% used [0x00000000d5580000,0x00000000d5580000,0x00000000d6e80000)
  from space 4096K, 99% used [0x00000000d7280000,0x00000000d767ffc0,0x00000000d7680000)
  to   space 4096K, 0% used [0x00000000d6e80000,0x00000000d6e80000,0x00000000d7280000)
 ParOldGen       total 68608K, used 6192K [0x0000000080000000, 0x0000000084300000, 0x00000000d5580000)
  object space 68608K, 9% used [0x0000000080000000,0x000000008060c3b8,0x0000000084300000)
 Metaspace       used 12096K, committed 12544K, reserved 1114112K
  class space    used 1292K, committed 1472K, reserved 1048576K
}
Event: 8.260 GC heap before
{Heap before GC invocations=5 (full 0):
 PSYoungGen      total 29696K, used 29695K [0x00000000d5580000, 0x00000000d7680000, 0x0000000100000000)
  eden space 25600K, 100% used [0x00000000d5580000,0x00000000d6e80000,0x00000000d6e80000)
  from space 4096K, 99% used [0x00000000d7280000,0x00000000d767ffc0,0x00000000d7680000)
  to   space 4096K, 0% used [0x00000000d6e80000,0x00000000d6e80000,0x00000000d7280000)
 ParOldGen       total 68608K, used 6192K [0x0000000080000000, 0x0000000084300000, 0x00000000d5580000)
  object space 68608K, 9% used [0x0000000080000000,0x000000008060c3b8,0x0000000084300000)
 Metaspace       used 16019K, committed 16576K, reserved 1114112K
  class space    used 1687K, committed 1920K, reserved 1048576K
}
Event: 8.265 GC heap after
{Heap after GC invocations=5 (full 0):
 PSYoungGen      total 29184K, used 4092K [0x00000000d5580000, 0x00000000d7a00000, 0x0000000100000000)
  eden space 25088K, 0% used [0x00000000d5580000,0x00000000d5580000,0x00000000d6e00000)
  from space 4096K, 99% used [0x00000000d6e80000,0x00000000d727f030,0x00000000d7280000)
  to   space 6144K, 0% used [0x00000000d7400000,0x00000000d7400000,0x00000000d7a00000)
 ParOldGen       total 68608K, used 7640K [0x0000000080000000, 0x0000000084300000, 0x00000000d5580000)
  object space 68608K, 11% used [0x0000000080000000,0x00000000807763c8,0x0000000084300000)
 Metaspace       used 16019K, committed 16576K, reserved 1114112K
  class space    used 1687K, committed 1920K, reserved 1048576K
}
Event: 9.566 GC heap before
{Heap before GC invocations=6 (full 0):
 PSYoungGen      total 29184K, used 29180K [0x00000000d5580000, 0x00000000d7a00000, 0x0000000100000000)
  eden space 25088K, 100% used [0x00000000d5580000,0x00000000d6e00000,0x00000000d6e00000)
  from space 4096K, 99% used [0x00000000d6e80000,0x00000000d727f030,0x00000000d7280000)
  to   space 6144K, 0% used [0x00000000d7400000,0x00000000d7400000,0x00000000d7a00000)
 ParOldGen       total 68608K, used 7640K [0x0000000080000000, 0x0000000084300000, 0x00000000d5580000)
  object space 68608K, 11% used [0x0000000080000000,0x00000000807763c8,0x0000000084300000)
 Metaspace       used 18257K, committed 19008K, reserved 1114112K
  class space    used 1931K, committed 2240K, reserved 1048576K
}
Event: 9.572 GC heap after
{Heap after GC invocations=6 (full 0):
 PSYoungGen      total 29696K, used 4797K [0x00000000d5580000, 0x00000000d7900000, 0x0000000100000000)
  eden space 24576K, 0% used [0x00000000d5580000,0x00000000d5580000,0x00000000d6d80000)
  from space 5120K, 93% used [0x00000000d7400000,0x00000000d78af788,0x00000000d7900000)
  to   space 5120K, 0% used [0x00000000d6f00000,0x00000000d6f00000,0x00000000d7400000)
 ParOldGen       total 68608K, used 7648K [0x0000000080000000, 0x0000000084300000, 0x00000000d5580000)
  object space 68608K, 11% used [0x0000000080000000,0x00000000807783c8,0x0000000084300000)
 Metaspace       used 18257K, committed 19008K, reserved 1114112K
  class space    used 1931K, committed 2240K, reserved 1048576K
}
Event: 10.175 GC heap before
{Heap before GC invocations=7 (full 0):
 PSYoungGen      total 29696K, used 29373K [0x00000000d5580000, 0x00000000d7900000, 0x0000000100000000)
  eden space 24576K, 100% used [0x00000000d5580000,0x00000000d6d80000,0x00000000d6d80000)
  from space 5120K, 93% used [0x00000000d7400000,0x00000000d78af788,0x00000000d7900000)
  to   space 5120K, 0% used [0x00000000d6f00000,0x00000000d6f00000,0x00000000d7400000)
 ParOldGen       total 68608K, used 7648K [0x0000000080000000, 0x0000000084300000, 0x00000000d5580000)
  object space 68608K, 11% used [0x0000000080000000,0x00000000807783c8,0x0000000084300000)
 Metaspace       used 20434K, committed 21184K, reserved 1114112K
  class space    used 2128K, committed 2432K, reserved 1048576K
}
Event: 10.180 GC heap after
{Heap after GC invocations=7 (full 0):
 PSYoungGen      total 29184K, used 5119K [0x00000000d5580000, 0x00000000d7e00000, 0x0000000100000000)
  eden space 24064K, 0% used [0x00000000d5580000,0x00000000d5580000,0x00000000d6d00000)
  from space 5120K, 99% used [0x00000000d6f00000,0x00000000d73fff68,0x00000000d7400000)
  to   space 8704K, 0% used [0x00000000d7580000,0x00000000d7580000,0x00000000d7e00000)
 ParOldGen       total 68608K, used 10236K [0x0000000080000000, 0x0000000084300000, 0x00000000d5580000)
  object space 68608K, 14% used [0x0000000080000000,0x00000000809ff2f8,0x0000000084300000)
 Metaspace       used 20434K, committed 21184K, reserved 1114112K
  class space    used 2128K, committed 2432K, reserved 1048576K
}
Event: 10.212 GC heap before
{Heap before GC invocations=8 (full 0):
 PSYoungGen      total 29184K, used 7399K [0x00000000d5580000, 0x00000000d7e00000, 0x0000000100000000)
  eden space 24064K, 9% used [0x00000000d5580000,0x00000000d57b9f60,0x00000000d6d00000)
  from space 5120K, 99% used [0x00000000d6f00000,0x00000000d73fff68,0x00000000d7400000)
  to   space 8704K, 0% used [0x00000000d7580000,0x00000000d7580000,0x00000000d7e00000)
 ParOldGen       total 68608K, used 10236K [0x0000000080000000, 0x0000000084300000, 0x00000000d5580000)
  object space 68608K, 14% used [0x0000000080000000,0x00000000809ff2f8,0x0000000084300000)
 Metaspace       used 20747K, committed 21504K, reserved 1114112K
  class space    used 2154K, committed 2496K, reserved 1048576K
}
Event: 10.216 GC heap after
{Heap after GC invocations=8 (full 0):
 PSYoungGen      total 27648K, used 3401K [0x00000000d5580000, 0x00000000d7900000, 0x0000000100000000)
  eden space 24064K, 0% used [0x00000000d5580000,0x00000000d5580000,0x00000000d6d00000)
  from space 3584K, 94% used [0x00000000d7580000,0x00000000d78d2640,0x00000000d7900000)
  to   space 5120K, 0% used [0x00000000d6f00000,0x00000000d6f00000,0x00000000d7400000)
 ParOldGen       total 68608K, used 11245K [0x0000000080000000, 0x0000000084300000, 0x00000000d5580000)
  object space 68608K, 16% used [0x0000000080000000,0x0000000080afb480,0x0000000084300000)
 Metaspace       used 20747K, committed 21504K, reserved 1114112K
  class space    used 2154K, committed 2496K, reserved 1048576K
}
Event: 10.216 GC heap before
{Heap before GC invocations=9 (full 1):
 PSYoungGen      total 27648K, used 3401K [0x00000000d5580000, 0x00000000d7900000, 0x0000000100000000)
  eden space 24064K, 0% used [0x00000000d5580000,0x00000000d5580000,0x00000000d6d00000)
  from space 3584K, 94% used [0x00000000d7580000,0x00000000d78d2640,0x00000000d7900000)
  to   space 5120K, 0% used [0x00000000d6f00000,0x00000000d6f00000,0x00000000d7400000)
 ParOldGen       total 68608K, used 11245K [0x0000000080000000, 0x0000000084300000, 0x00000000d5580000)
  object space 68608K, 16% used [0x0000000080000000,0x0000000080afb480,0x0000000084300000)
 Metaspace       used 20747K, committed 21504K, reserved 1114112K
  class space    used 2154K, committed 2496K, reserved 1048576K
}
Event: 10.266 GC heap after
{Heap after GC invocations=9 (full 1):
 PSYoungGen      total 27648K, used 0K [0x00000000d5580000, 0x00000000d7900000, 0x0000000100000000)
  eden space 24064K, 0% used [0x00000000d5580000,0x00000000d5580000,0x00000000d6d00000)
  from space 3584K, 0% used [0x00000000d7580000,0x00000000d7580000,0x00000000d7900000)
  to   space 5120K, 0% used [0x00000000d6f00000,0x00000000d6f00000,0x00000000d7400000)
 ParOldGen       total 68608K, used 12602K [0x0000000080000000, 0x0000000084300000, 0x00000000d5580000)
  object space 68608K, 18% used [0x0000000080000000,0x0000000080c4e920,0x0000000084300000)
 Metaspace       used 20734K, committed 21504K, reserved 1114112K
  class space    used 2151K, committed 2496K, reserved 1048576K
}
Event: 10.745 GC heap before
{Heap before GC invocations=10 (full 1):
 PSYoungGen      total 27648K, used 24064K [0x00000000d5580000, 0x00000000d7900000, 0x0000000100000000)
  eden space 24064K, 100% used [0x00000000d5580000,0x00000000d6d00000,0x00000000d6d00000)
  from space 3584K, 0% used [0x00000000d7580000,0x00000000d7580000,0x00000000d7900000)
  to   space 5120K, 0% used [0x00000000d6f00000,0x00000000d6f00000,0x00000000d7400000)
 ParOldGen       total 68608K, used 12602K [0x0000000080000000, 0x0000000084300000, 0x00000000d5580000)
  object space 68608K, 18% used [0x0000000080000000,0x0000000080c4e920,0x0000000084300000)
 Metaspace       used 24392K, committed 25152K, reserved 1114112K
  class space    used 2418K, committed 2752K, reserved 1048576K
}
Event: 10.747 GC heap after
{Heap after GC invocations=10 (full 1):
 PSYoungGen      total 28672K, used 352K [0x00000000d5580000, 0x00000000d7600000, 0x0000000100000000)
  eden space 23552K, 0% used [0x00000000d5580000,0x00000000d5580000,0x00000000d6c80000)
  from space 5120K, 6% used [0x00000000d6f00000,0x00000000d6f58000,0x00000000d7400000)
  to   space 2048K, 0% used [0x00000000d7400000,0x00000000d7400000,0x00000000d7600000)
 ParOldGen       total 68608K, used 12610K [0x0000000080000000, 0x0000000084300000, 0x00000000d5580000)
  object space 68608K, 18% used [0x0000000080000000,0x0000000080c50920,0x0000000084300000)
 Metaspace       used 24392K, committed 25152K, reserved 1114112K
  class space    used 2418K, committed 2752K, reserved 1048576K
}
Event: 11.096 GC heap before
{Heap before GC invocations=11 (full 1):
 PSYoungGen      total 28672K, used 23901K [0x00000000d5580000, 0x00000000d7600000, 0x0000000100000000)
  eden space 23552K, 99% used [0x00000000d5580000,0x00000000d6c7f588,0x00000000d6c80000)
  from space 5120K, 6% used [0x00000000d6f00000,0x00000000d6f58000,0x00000000d7400000)
  to   space 2048K, 0% used [0x00000000d7400000,0x00000000d7400000,0x00000000d7600000)
 ParOldGen       total 68608K, used 12610K [0x0000000080000000, 0x0000000084300000, 0x00000000d5580000)
  object space 68608K, 18% used [0x0000000080000000,0x0000000080c50920,0x0000000084300000)
 Metaspace       used 25885K, committed 26816K, reserved 1114112K
  class space    used 2543K, committed 2944K, reserved 1048576K
}
Event: 11.100 GC heap after
{Heap after GC invocations=11 (full 1):
 PSYoungGen      total 24576K, used 1467K [0x00000000d5580000, 0x00000000d7580000, 0x0000000100000000)
  eden space 23040K, 0% used [0x00000000d5580000,0x00000000d5580000,0x00000000d6c00000)
  from space 1536K, 95% used [0x00000000d7400000,0x00000000d756eda0,0x00000000d7580000)
  to   space 2048K, 0% used [0x00000000d7180000,0x00000000d7180000,0x00000000d7380000)
 ParOldGen       total 68608K, used 13399K [0x0000000080000000, 0x0000000084300000, 0x00000000d5580000)
  object space 68608K, 19% used [0x0000000080000000,0x0000000080d15e30,0x0000000084300000)
 Metaspace       used 25885K, committed 26816K, reserved 1114112K
  class space    used 2543K, committed 2944K, reserved 1048576K
}
Event: 11.651 GC heap before
{Heap before GC invocations=12 (full 1):
 PSYoungGen      total 24576K, used 24507K [0x00000000d5580000, 0x00000000d7580000, 0x0000000100000000)
  eden space 23040K, 100% used [0x00000000d5580000,0x00000000d6c00000,0x00000000d6c00000)
  from space 1536K, 95% used [0x00000000d7400000,0x00000000d756eda0,0x00000000d7580000)
  to   space 2048K, 0% used [0x00000000d7180000,0x00000000d7180000,0x00000000d7380000)
 ParOldGen       total 68608K, used 13399K [0x0000000080000000, 0x0000000084300000, 0x00000000d5580000)
  object space 68608K, 19% used [0x0000000080000000,0x0000000080d15e30,0x0000000084300000)
 Metaspace       used 29624K, committed 30528K, reserved 1114112K
  class space    used 2967K, committed 3328K, reserved 1048576K
}
Event: 11.655 GC heap after
{Heap after GC invocations=12 (full 1):
 PSYoungGen      total 24576K, used 1599K [0x00000000d5580000, 0x00000000d7480000, 0x0000000100000000)
  eden space 22528K, 0% used [0x00000000d5580000,0x00000000d5580000,0x00000000d6b80000)
  from space 2048K, 78% used [0x00000000d7180000,0x00000000d730fc40,0x00000000d7380000)
  to   space 1024K, 0% used [0x00000000d7380000,0x00000000d7380000,0x00000000d7480000)
 ParOldGen       total 68608K, used 14770K [0x0000000080000000, 0x0000000084300000, 0x00000000d5580000)
  object space 68608K, 21% used [0x0000000080000000,0x0000000080e6cb60,0x0000000084300000)
 Metaspace       used 29624K, committed 30528K, reserved 1114112K
  class space    used 2967K, committed 3328K, reserved 1048576K
}
Event: 12.251 GC heap before
{Heap before GC invocations=13 (full 1):
 PSYoungGen      total 24576K, used 24127K [0x00000000d5580000, 0x00000000d7480000, 0x0000000100000000)
  eden space 22528K, 100% used [0x00000000d5580000,0x00000000d6b80000,0x00000000d6b80000)
  from space 2048K, 78% used [0x00000000d7180000,0x00000000d730fc40,0x00000000d7380000)
  to   space 1024K, 0% used [0x00000000d7380000,0x00000000d7380000,0x00000000d7480000)
 ParOldGen       total 68608K, used 14770K [0x0000000080000000, 0x0000000084300000, 0x00000000d5580000)
  object space 68608K, 21% used [0x0000000080000000,0x0000000080e6cb60,0x0000000084300000)
 Metaspace       used 31762K, committed 32768K, reserved 1114112K
  class space    used 3261K, committed 3712K, reserved 1048576K
}
Event: 12.254 GC heap after
{Heap after GC invocations=13 (full 1):
 PSYoungGen      total 23040K, used 893K [0x00000000d5580000, 0x00000000d7480000, 0x0000000100000000)
  eden space 22016K, 0% used [0x00000000d5580000,0x00000000d5580000,0x00000000d6b00000)
  from space 1024K, 87% used [0x00000000d7380000,0x00000000d745f620,0x00000000d7480000)
  to   space 1536K, 0% used [0x00000000d7180000,0x00000000d7180000,0x00000000d7300000)
 ParOldGen       total 68608K, used 16189K [0x0000000080000000, 0x0000000084300000, 0x00000000d5580000)
  object space 68608K, 23% used [0x0000000080000000,0x0000000080fcf780,0x0000000084300000)
 Metaspace       used 31762K, committed 32768K, reserved 1114112K
  class space    used 3261K, committed 3712K, reserved 1048576K
}

Dll operation events (12 events):
Event: 0.011 Loaded shared library c:\Users\User\.vscode\extensions\redhat.java-1.46.0-win32-x64\jre\21.0.8-win32-x86_64\bin\java.dll
Event: 0.133 Loaded shared library c:\Users\User\.vscode\extensions\redhat.java-1.46.0-win32-x64\jre\21.0.8-win32-x86_64\bin\zip.dll
Event: 0.168 Loaded shared library C:\Users\User\.vscode\extensions\redhat.java-1.46.0-win32-x64\jre\21.0.8-win32-x86_64\bin\instrument.dll
Event: 0.176 Loaded shared library C:\Users\User\.vscode\extensions\redhat.java-1.46.0-win32-x64\jre\21.0.8-win32-x86_64\bin\net.dll
Event: 0.180 Loaded shared library C:\Users\User\.vscode\extensions\redhat.java-1.46.0-win32-x64\jre\21.0.8-win32-x86_64\bin\nio.dll
Event: 0.188 Loaded shared library C:\Users\User\.vscode\extensions\redhat.java-1.46.0-win32-x64\jre\21.0.8-win32-x86_64\bin\zip.dll
Event: 0.220 Loaded shared library C:\Users\User\.vscode\extensions\redhat.java-1.46.0-win32-x64\jre\21.0.8-win32-x86_64\bin\jimage.dll
Event: 0.381 Loaded shared library c:\Users\User\.vscode\extensions\redhat.java-1.46.0-win32-x64\jre\21.0.8-win32-x86_64\bin\verify.dll
Event: 3.046 Loaded shared library C:\Users\User\AppData\Roaming\Code\User\globalStorage\redhat.java\1.46.0\config_win\org.eclipse.equinox.launcher\org.eclipse.equinox.launcher.win32.win32.x86_64_1.2.1400.v20250801-0854\eclipse_11916.dll
Event: 7.632 Loaded shared library C:\Users\User\.vscode\extensions\redhat.java-1.46.0-win32-x64\jre\21.0.8-win32-x86_64\bin\management.dll
Event: 7.636 Loaded shared library C:\Users\User\.vscode\extensions\redhat.java-1.46.0-win32-x64\jre\21.0.8-win32-x86_64\bin\management_ext.dll
Event: 12.179 Loaded shared library C:\Users\User\AppData\Local\Temp\jna-2645995\jna16588127701145170239.dll

Deoptimization events (20 events):
Event: 12.281 Thread 0x0000022d7dc706e0 DEOPT PACKING pc=0x0000022d07c4cb0c sp=0x000000e2616fc6e0
Event: 12.281 Thread 0x0000022d7dc706e0 DEOPT UNPACKING pc=0x0000022d07583aa2 sp=0x000000e2616fc678 mode 2
Event: 12.281 Thread 0x0000022d7dc706e0 Uncommon trap: trap_request=0xffffffc6 fr.pc=0x0000022d07c4cb0c relative=0x00000000000001ac
Event: 12.281 Thread 0x0000022d7dc706e0 Uncommon trap: reason=bimorphic_or_optimized_type_check action=maybe_recompile pc=0x0000022d07c4cb0c method=java.util.Collections$UnmodifiableList.get(I)Ljava/lang/Object; @ 5 c2
Event: 12.281 Thread 0x0000022d7dc706e0 DEOPT PACKING pc=0x0000022d07c4cb0c sp=0x000000e2616fc6e0
Event: 12.281 Thread 0x0000022d7dc706e0 DEOPT UNPACKING pc=0x0000022d07583aa2 sp=0x000000e2616fc678 mode 2
Event: 12.281 Thread 0x0000022d7dc706e0 Uncommon trap: trap_request=0xffffffc6 fr.pc=0x0000022d07c4cb0c relative=0x00000000000001ac
Event: 12.281 Thread 0x0000022d7dc706e0 Uncommon trap: reason=bimorphic_or_optimized_type_check action=maybe_recompile pc=0x0000022d07c4cb0c method=java.util.Collections$UnmodifiableList.get(I)Ljava/lang/Object; @ 5 c2
Event: 12.281 Thread 0x0000022d7dc706e0 DEOPT PACKING pc=0x0000022d07c4cb0c sp=0x000000e2616fc6e0
Event: 12.281 Thread 0x0000022d7dc706e0 DEOPT UNPACKING pc=0x0000022d07583aa2 sp=0x000000e2616fc678 mode 2
Event: 12.281 Thread 0x0000022d7dc706e0 Uncommon trap: trap_request=0xffffffc6 fr.pc=0x0000022d07c4cb0c relative=0x00000000000001ac
Event: 12.281 Thread 0x0000022d7dc706e0 Uncommon trap: reason=bimorphic_or_optimized_type_check action=maybe_recompile pc=0x0000022d07c4cb0c method=java.util.Collections$UnmodifiableList.get(I)Ljava/lang/Object; @ 5 c2
Event: 12.281 Thread 0x0000022d7dc706e0 DEOPT PACKING pc=0x0000022d07c4cb0c sp=0x000000e2616fc6e0
Event: 12.281 Thread 0x0000022d7dc706e0 DEOPT UNPACKING pc=0x0000022d07583aa2 sp=0x000000e2616fc678 mode 2
Event: 12.306 Thread 0x0000022d7dc706e0 DEOPT PACKING pc=0x0000022d0053a494 sp=0x000000e2616fd780
Event: 12.306 Thread 0x0000022d7dc706e0 DEOPT UNPACKING pc=0x0000022d07584242 sp=0x000000e2616fccd0 mode 0
Event: 12.356 Thread 0x0000022d7de7c4d0 Uncommon trap: trap_request=0xffffff45 fr.pc=0x0000022d07b6d054 relative=0x0000000000001074
Event: 12.356 Thread 0x0000022d7de7c4d0 Uncommon trap: reason=unstable_if action=reinterpret pc=0x0000022d07b6d054 method=jdk.internal.jimage.ImageStringsReader.stringFromByteBufferMatches(Ljava/nio/ByteBuffer;ILjava/lang/String;I)I @ 48 c2
Event: 12.356 Thread 0x0000022d7de7c4d0 DEOPT PACKING pc=0x0000022d07b6d054 sp=0x000000e261df86a0
Event: 12.356 Thread 0x0000022d7de7c4d0 DEOPT UNPACKING pc=0x0000022d07583aa2 sp=0x000000e261df83d8 mode 2

Classes loaded (20 events):
Event: 12.496 Loading class sun/security/ssl/SSLCipher$T13CC20P1305WriteCipherGenerator done
Event: 12.496 Loading class com/sun/crypto/provider/ChaCha20Cipher$ChaCha20Poly1305
Event: 12.496 Loading class com/sun/crypto/provider/ChaCha20Cipher
Event: 12.497 Loading class com/sun/crypto/provider/ChaCha20Cipher done
Event: 12.497 Loading class com/sun/crypto/provider/ChaCha20Cipher$ChaCha20Poly1305 done
Event: 12.498 Loading class sun/security/ssl/SSLCipher$1
Event: 12.498 Loading class sun/security/ssl/SSLCipher$1 done
Event: 12.498 Loading class sun/security/ssl/CipherSuite$HashAlg
Event: 12.500 Loading class sun/security/ssl/CipherSuite$HashAlg done
Event: 12.500 Loading class sun/security/ssl/CipherSuite$MacAlg
Event: 12.501 Loading class sun/security/ssl/CipherSuite$MacAlg done
Event: 12.501 Loading class sun/security/ssl/CipherSuite$KeyExchange
Event: 12.501 Loading class sun/security/ssl/CipherSuite$KeyExchange done
Event: 12.502 Loading class sun/security/ssl/NamedGroup$NamedGroupSpec
Event: 12.503 Loading class sun/security/ssl/NamedGroup$NamedGroupScheme
Event: 12.503 Loading class sun/security/ssl/NamedGroup$NamedGroupScheme done
Event: 12.503 Loading class sun/security/ssl/NamedGroup$NamedGroupSpec done
Event: 12.504 Loading class sun/security/ssl/NamedGroup$ECDHEScheme
Event: 12.504 Loading class sun/security/ssl/NamedGroup$ECDHEScheme done
Event: 12.504 Loading class sun/security/ssl/NamedGroup

Classes unloaded (7 events):
Event: 10.223 Thread 0x0000022d73d7fda0 Unloading class 0x0000022d101b1400 'java/lang/invoke/LambdaForm$MH+0x0000022d101b1400'
Event: 10.223 Thread 0x0000022d73d7fda0 Unloading class 0x0000022d101b1000 'java/lang/invoke/LambdaForm$MH+0x0000022d101b1000'
Event: 10.223 Thread 0x0000022d73d7fda0 Unloading class 0x0000022d101b0c00 'java/lang/invoke/LambdaForm$MH+0x0000022d101b0c00'
Event: 10.223 Thread 0x0000022d73d7fda0 Unloading class 0x0000022d101b0800 'java/lang/invoke/LambdaForm$MH+0x0000022d101b0800'
Event: 10.223 Thread 0x0000022d73d7fda0 Unloading class 0x0000022d101b0400 'java/lang/invoke/LambdaForm$BMH+0x0000022d101b0400'
Event: 10.223 Thread 0x0000022d73d7fda0 Unloading class 0x0000022d101b0000 'java/lang/invoke/LambdaForm$DMH+0x0000022d101b0000'
Event: 10.223 Thread 0x0000022d73d7fda0 Unloading class 0x0000022d101aec00 'java/lang/invoke/LambdaForm$DMH+0x0000022d101aec00'

Classes redefined (0 events):
No events

Internal exceptions (20 events):
Event: 11.483 Thread 0x0000022d7dc706e0 Exception <a 'sun/nio/fs/WindowsException'{0x00000000d6482880}> (0x00000000d6482880) 
thrown [s\src\hotspot\share\prims\jni.cpp, line 520]
Event: 11.483 Thread 0x0000022d7dc706e0 Exception <a 'sun/nio/fs/WindowsException'{0x00000000d64d2e58}> (0x00000000d64d2e58) 
thrown [s\src\hotspot\share\prims\jni.cpp, line 520]
Event: 11.514 Thread 0x0000022d7dc706e0 Exception <a 'sun/nio/fs/WindowsException'{0x00000000d6615998}> (0x00000000d6615998) 
thrown [s\src\hotspot\share\prims\jni.cpp, line 520]
Event: 11.633 Thread 0x0000022d7dc706e0 Exception <a 'java/lang/ClassNotFoundException'{0x00000000d6a7cb68}: com/sun/org/apache/xml/internal/serializer/spi/XMLEntitiesProvider> (0x00000000d6a7cb68) 
thrown [s\src\hotspot\share\classfile\systemDictionary.cpp, line 312]
Event: 11.867 Thread 0x0000022d7dc706e0 Exception <a 'java/io/FileNotFoundException'{0x00000000d5e37d10}> (0x00000000d5e37d10) 
thrown [s\src\hotspot\share\prims\jni.cpp, line 520]
Event: 11.917 Thread 0x0000022d7d32ef20 Exception <a 'java/lang/NoClassDefFoundError'{0x00000000d6001190}: javax/enterprise/inject/Typed> (0x00000000d6001190) 
thrown [s\src\hotspot\share\classfile\systemDictionary.cpp, line 301]
Event: 12.234 Thread 0x0000022d7dc706e0 Exception <a 'java/lang/UnsatisfiedLinkError'{0x00000000d67f8678}: Não foi possível encontrar o procedimento especificado.
> (0x00000000d67f8678) 
thrown [s\src\hotspot\share\prims\jni.cpp, line 539]
Event: 12.243 Thread 0x0000022d7dc706e0 Exception <a 'java/io/FileNotFoundException'{0x00000000d692ff38}> (0x00000000d692ff38) 
thrown [s\src\hotspot\share\prims\jni.cpp, line 520]
Event: 12.266 Thread 0x0000022d7dc706e0 Exception <a 'java/io/FileNotFoundException'{0x00000000d5601bc0}> (0x00000000d5601bc0) 
thrown [s\src\hotspot\share\prims\jni.cpp, line 520]
Event: 12.283 Thread 0x0000022d7dc706e0 Exception <a 'java/lang/NoSuchMethodError'{0x00000000d5711fd8}: 'void java.lang.invoke.DirectMethodHandle$Holder.invokeSpecial(java.lang.Object, java.lang.Object, java.lang.Object, int)'> (0x00000000d5711fd8) 
thrown [s\src\hotspot\share\interpreter\linkResolver.cpp, line 773]
Event: 12.284 Thread 0x0000022d7dc706e0 Exception <a 'java/lang/NoSuchMethodError'{0x00000000d57156a8}: 'void java.lang.invoke.DelegatingMethodHandle$Holder.reinvoke_L(java.lang.Object, java.lang.Object, int)'> (0x00000000d57156a8) 
thrown [s\src\hotspot\share\interpreter\linkResolver.cpp, line 773]
Event: 12.285 Thread 0x0000022d7dc706e0 Exception <a 'java/lang/NoSuchMethodError'{0x00000000d571c040}: 'int java.lang.invoke.Invokers$Holder.invokeExact_MT(java.lang.Object, java.lang.Object, java.lang.Object)'> (0x00000000d571c040) 
thrown [s\src\hotspot\share\interpreter\linkResolver.cpp, line 773]
Event: 12.287 Thread 0x0000022d7dc706e0 Exception <a 'java/lang/UnsatisfiedLinkError'{0x00000000d577a948}: Não foi possível encontrar o procedimento especificado.
> (0x00000000d577a948) 
thrown [s\src\hotspot\share\prims\jni.cpp, line 539]
Event: 12.297 Thread 0x0000022d7dc706e0 Exception <a 'java/lang/NoSuchMethodError'{0x00000000d57875f8}: 'void java.lang.invoke.Invokers$Holder.invokeExact_MT(java.lang.Object, java.lang.Object, int, java.lang.Object)'> (0x00000000d57875f8) 
thrown [s\src\hotspot\share\interpreter\linkResolver.cpp, line 773]
Event: 12.381 Thread 0x0000022d73e31770 Exception <a 'java/io/FileNotFoundException'{0x00000000d5ec6078}> (0x00000000d5ec6078) 
thrown [s\src\hotspot\share\prims\jni.cpp, line 520]
Event: 12.437 Thread 0x0000022d7de7aa90 Exception <a 'sun/nio/fs/WindowsException'{0x00000000d63b4098}> (0x00000000d63b4098) 
thrown [s\src\hotspot\share\prims\jni.cpp, line 520]
Event: 12.445 Thread 0x0000022d73e31770 Exception <a 'java/lang/NoSuchMethodError'{0x00000000d63fa558}: 'java.lang.Object java.lang.invoke.DirectMethodHandle$Holder.invokeStatic(java.lang.Object, long, java.lang.Object)'> (0x00000000d63fa558) 
thrown [s\src\hotspot\share\interpreter\linkResolver.cpp, line 773]
Event: 12.446 Thread 0x0000022d73e31770 Exception <a 'java/lang/NoSuchMethodError'{0x00000000d642a518}: 'java.lang.Object java.lang.invoke.DirectMethodHandle$Holder.invokeStaticInit(java.lang.Object, long, java.lang.Object)'> (0x00000000d642a518) 
thrown [s\src\hotspot\share\interpreter\linkResolver.cpp, line 773]
Event: 12.446 Thread 0x0000022d73e31770 Exception <a 'java/lang/NoSuchMethodError'{0x00000000d64399b0}: 'java.lang.Object java.lang.invoke.DirectMethodHandle$Holder.newInvokeSpecial(java.lang.Object, long)'> (0x00000000d64399b0) 
thrown [s\src\hotspot\share\interpreter\linkResolver.cpp, line 773]
Event: 12.469 Thread 0x0000022d73e31770 Exception <a 'java/lang/RuntimeException'{0x00000000d65d4320}: snapshot not available> (0x00000000d65d4320) 
thrown [s\src\hotspot\share\prims\jni.cpp, line 539]

ZGC Phase Switch (0 events):
No events

VM Operations (20 events):
Event: 11.316 Executing VM operation: HandshakeAllThreads (Deoptimize)
Event: 11.319 Executing VM operation: HandshakeAllThreads (Deoptimize) done
Event: 11.346 Executing VM operation: HandshakeAllThreads (Deoptimize)
Event: 11.349 Executing VM operation: HandshakeAllThreads (Deoptimize) done
Event: 11.651 Executing VM operation: ParallelGCFailedAllocation (Allocation Failure)
Event: 11.655 Executing VM operation: ParallelGCFailedAllocation (Allocation Failure) done
Event: 11.690 Executing VM operation: HandshakeAllThreads (Deoptimize)
Event: 11.690 Executing VM operation: HandshakeAllThreads (Deoptimize) done
Event: 11.798 Executing VM operation: HandshakeAllThreads (Deoptimize)
Event: 11.798 Executing VM operation: HandshakeAllThreads (Deoptimize) done
Event: 11.878 Executing VM operation: HandshakeAllThreads (Deoptimize)
Event: 11.878 Executing VM operation: HandshakeAllThreads (Deoptimize) done
Event: 12.206 Executing VM operation: HandshakeAllThreads (Deoptimize)
Event: 12.207 Executing VM operation: HandshakeAllThreads (Deoptimize) done
Event: 12.250 Executing VM operation: ParallelGCFailedAllocation (Allocation Failure)
Event: 12.254 Executing VM operation: ParallelGCFailedAllocation (Allocation Failure) done
Event: 12.363 Executing VM operation: HandshakeAllThreads (Deoptimize)
Event: 12.364 Executing VM operation: HandshakeAllThreads (Deoptimize) done
Event: 12.447 Executing VM operation: HandshakeAllThreads (Deoptimize)
Event: 12.448 Executing VM operation: HandshakeAllThreads (Deoptimize) done

Memory protections (0 events):
No events

Nmethod flushes (0 events):
No events

Events (20 events):
Event: 8.653 Thread 0x0000022d7d32e270 Thread exited: 0x0000022d7d32e270
Event: 8.734 Thread 0x0000022d7d09d240 Thread added: 0x0000022d7d32e270
Event: 10.273 Thread 0x0000022d7d32e270 Thread exited: 0x0000022d7d32e270
Event: 10.864 Thread 0x0000022d7d09d240 Thread added: 0x0000022d7e65a040
Event: 10.878 Thread 0x0000022d7d32ef20 Thread added: 0x0000022d7de7aa90
Event: 11.068 Thread 0x0000022d7de7aa90 Thread added: 0x0000022d7de7c4d0
Event: 11.165 Thread 0x0000022d7dc706e0 Thread added: 0x0000022d7de7be40
Event: 12.222 Thread 0x0000022d7dc706e0 Thread added: 0x0000022d7de7b120
Event: 12.332 Thread 0x0000022d7de7aa90 Thread added: 0x0000022d7de7a400
Event: 12.399 Thread 0x0000022d7de7a400 Thread added: 0x0000022d7de7cb60
Event: 12.464 Thread 0x0000022d73e31770 Thread added: 0x0000022d7de796e0
Event: 12.465 Thread 0x0000022d73e31770 Thread added: 0x0000022d7de79d70
Event: 12.465 Thread 0x0000022d73e31770 Thread added: 0x0000022d7f2d1470
Event: 12.465 Thread 0x0000022d73e31770 Thread added: 0x0000022d7f2d3540
Event: 12.465 Thread 0x0000022d73e31770 Thread added: 0x0000022d7f2d3bd0
Event: 12.465 Thread 0x0000022d73e31770 Thread added: 0x0000022d7f2ce680
Event: 12.466 Thread 0x0000022d73e31770 Thread added: 0x0000022d7f2d1b00
Event: 12.466 Thread 0x0000022d73e31770 Thread added: 0x0000022d7f2cf3a0
Event: 12.466 Thread 0x0000022d73e31770 Thread added: 0x0000022d7f2cfa30
Event: 12.483 Thread 0x0000022d73e31770 Thread added: 0x0000022d7f2d00c0


Dynamic libraries:
0x00007ff6d6470000 - 0x00007ff6d647e000 	c:\Users\User\.vscode\extensions\redhat.java-1.46.0-win32-x64\jre\21.0.8-win32-x86_64\bin\java.exe
0x00007ffd31370000 - 0x00007ffd31568000 	C:\Windows\SYSTEM32\ntdll.dll
0x00007ffd2f3f0000 - 0x00007ffd2f4b2000 	C:\Windows\System32\KERNEL32.DLL
0x00007ffd2eb30000 - 0x00007ffd2ee26000 	C:\Windows\System32\KERNELBASE.dll
0x00007ffd2f210000 - 0x00007ffd2f310000 	C:\Windows\System32\ucrtbase.dll
0x00007ffd11b70000 - 0x00007ffd11b88000 	c:\Users\User\.vscode\extensions\redhat.java-1.46.0-win32-x64\jre\21.0.8-win32-x86_64\bin\jli.dll
0x00007ffd2f580000 - 0x00007ffd2f721000 	C:\Windows\System32\USER32.dll
0x00007ffd2ef90000 - 0x00007ffd2efb2000 	C:\Windows\System32\win32u.dll
0x00007ffd12740000 - 0x00007ffd1275e000 	c:\Users\User\.vscode\extensions\redhat.java-1.46.0-win32-x64\jre\21.0.8-win32-x86_64\bin\VCRUNTIME140.dll
0x00007ffd30120000 - 0x00007ffd3014b000 	C:\Windows\System32\GDI32.dll
0x00007ffd2efc0000 - 0x00007ffd2f0d9000 	C:\Windows\System32\gdi32full.dll
0x00007ffd1d800000 - 0x00007ffd1da9b000 	C:\Windows\WinSxS\amd64_microsoft.windows.common-controls_6595b64144ccf1df_6.0.19041.6456_none_60b8a6cb71f64256\COMCTL32.dll
0x00007ffd2f0e0000 - 0x00007ffd2f17d000 	C:\Windows\System32\msvcp_win.dll
0x00007ffd305c0000 - 0x00007ffd3065e000 	C:\Windows\System32\msvcrt.dll
0x00007ffd31010000 - 0x00007ffd3103f000 	C:\Windows\System32\IMM32.DLL
0x00007ffd11b60000 - 0x00007ffd11b6c000 	c:\Users\User\.vscode\extensions\redhat.java-1.46.0-win32-x64\jre\21.0.8-win32-x86_64\bin\vcruntime140_1.dll
0x00007ffd05ae0000 - 0x00007ffd05b6d000 	c:\Users\User\.vscode\extensions\redhat.java-1.46.0-win32-x64\jre\21.0.8-win32-x86_64\bin\msvcp140.dll
0x00007ffc9d5b0000 - 0x00007ffc9e347000 	c:\Users\User\.vscode\extensions\redhat.java-1.46.0-win32-x64\jre\21.0.8-win32-x86_64\bin\server\jvm.dll
0x00007ffd30050000 - 0x00007ffd30101000 	C:\Windows\System32\ADVAPI32.dll
0x00007ffd310c0000 - 0x00007ffd3115f000 	C:\Windows\System32\sechost.dll
0x00007ffd30ef0000 - 0x00007ffd31010000 	C:\Windows\System32\RPCRT4.dll
0x00007ffd2f360000 - 0x00007ffd2f387000 	C:\Windows\System32\bcrypt.dll
0x00007ffd30840000 - 0x00007ffd308ab000 	C:\Windows\System32\WS2_32.dll
0x00007ffd2df90000 - 0x00007ffd2dfdb000 	C:\Windows\SYSTEM32\POWRPROF.dll
0x00007ffd1e460000 - 0x00007ffd1e487000 	C:\Windows\SYSTEM32\WINMM.dll
0x00007ffd2a770000 - 0x00007ffd2a77a000 	C:\Windows\SYSTEM32\VERSION.dll
0x00007ffd2de00000 - 0x00007ffd2de12000 	C:\Windows\SYSTEM32\UMPDC.dll
0x00007ffd2c790000 - 0x00007ffd2c7a2000 	C:\Windows\SYSTEM32\kernel.appcore.dll
0x00007ffd11b50000 - 0x00007ffd11b5a000 	c:\Users\User\.vscode\extensions\redhat.java-1.46.0-win32-x64\jre\21.0.8-win32-x86_64\bin\jimage.dll
0x00007ffd27c10000 - 0x00007ffd27e11000 	C:\Windows\SYSTEM32\DBGHELP.DLL
0x00007ffd27870000 - 0x00007ffd278a4000 	C:\Windows\SYSTEM32\dbgcore.DLL
0x00007ffd2f180000 - 0x00007ffd2f202000 	C:\Windows\System32\bcryptPrimitives.dll
0x00007ffd11b40000 - 0x00007ffd11b4f000 	c:\Users\User\.vscode\extensions\redhat.java-1.46.0-win32-x64\jre\21.0.8-win32-x86_64\bin\instrument.dll
0x00007ffd06870000 - 0x00007ffd0688f000 	c:\Users\User\.vscode\extensions\redhat.java-1.46.0-win32-x64\jre\21.0.8-win32-x86_64\bin\java.dll
0x00007ffd2f730000 - 0x00007ffd2fea0000 	C:\Windows\System32\SHELL32.dll
0x00007ffd2ca70000 - 0x00007ffd2d215000 	C:\Windows\SYSTEM32\windows.storage.dll
0x00007ffd30990000 - 0x00007ffd30ce4000 	C:\Windows\System32\combase.dll
0x00007ffd2e430000 - 0x00007ffd2e45b000 	C:\Windows\SYSTEM32\Wldp.dll
0x00007ffd30cf0000 - 0x00007ffd30dbd000 	C:\Windows\System32\OLEAUT32.dll
0x00007ffd30670000 - 0x00007ffd3071d000 	C:\Windows\System32\SHCORE.dll
0x00007ffd2f520000 - 0x00007ffd2f57b000 	C:\Windows\System32\shlwapi.dll
0x00007ffd2e930000 - 0x00007ffd2e954000 	C:\Windows\SYSTEM32\profapi.dll
0x00007ffd06850000 - 0x00007ffd06868000 	c:\Users\User\.vscode\extensions\redhat.java-1.46.0-win32-x64\jre\21.0.8-win32-x86_64\bin\zip.dll
0x00007ffd11530000 - 0x00007ffd11540000 	C:\Users\User\.vscode\extensions\redhat.java-1.46.0-win32-x64\jre\21.0.8-win32-x86_64\bin\net.dll
0x00007ffd26d50000 - 0x00007ffd26e5a000 	C:\Windows\SYSTEM32\WINHTTP.dll
0x00007ffd2e190000 - 0x00007ffd2e1fa000 	C:\Windows\system32\mswsock.dll
0x00007ffd06830000 - 0x00007ffd06846000 	C:\Users\User\.vscode\extensions\redhat.java-1.46.0-win32-x64\jre\21.0.8-win32-x86_64\bin\nio.dll
0x00007ffd07dd0000 - 0x00007ffd07de0000 	c:\Users\User\.vscode\extensions\redhat.java-1.46.0-win32-x64\jre\21.0.8-win32-x86_64\bin\verify.dll
0x00007ffd05a90000 - 0x00007ffd05ad4000 	C:\Users\User\AppData\Roaming\Code\User\globalStorage\redhat.java\1.46.0\config_win\org.eclipse.equinox.launcher\org.eclipse.equinox.launcher.win32.win32.x86_64_1.2.1400.v20250801-0854\eclipse_11916.dll
0x00007ffd30dc0000 - 0x00007ffd30eeb000 	C:\Windows\System32\ole32.dll
0x00007ffcb5350000 - 0x00007ffcb535a000 	C:\Users\User\.vscode\extensions\redhat.java-1.46.0-win32-x64\jre\21.0.8-win32-x86_64\bin\management.dll
0x00007ffcb51b0000 - 0x00007ffcb51bb000 	C:\Users\User\.vscode\extensions\redhat.java-1.46.0-win32-x64\jre\21.0.8-win32-x86_64\bin\management_ext.dll
0x00007ffd30660000 - 0x00007ffd30668000 	C:\Windows\System32\PSAPI.DLL
0x00007ffd2e390000 - 0x00007ffd2e3a8000 	C:\Windows\SYSTEM32\CRYPTSP.dll
0x00007ffd2da40000 - 0x00007ffd2da78000 	C:\Windows\system32\rsaenh.dll
0x00007ffd2e8f0000 - 0x00007ffd2e91e000 	C:\Windows\SYSTEM32\USERENV.dll
0x00007ffd2e380000 - 0x00007ffd2e38c000 	C:\Windows\SYSTEM32\CRYPTBASE.dll
0x00007ffd2de20000 - 0x00007ffd2de5b000 	C:\Windows\SYSTEM32\IPHLPAPI.DLL
0x00007ffd307d0000 - 0x00007ffd307d8000 	C:\Windows\System32\NSI.dll
0x00007ffc96210000 - 0x00007ffc96259000 	C:\Users\User\AppData\Local\Temp\jna-2645995\jna16588127701145170239.dll
0x00007ffd27090000 - 0x00007ffd270a7000 	C:\Windows\SYSTEM32\dhcpcsvc6.DLL
0x00007ffd27e20000 - 0x00007ffd27e3d000 	C:\Windows\SYSTEM32\dhcpcsvc.DLL

JVMTI agents:
c:\Users\User\.vscode\extensions\redhat.java-1.46.0-win32-x64\lombok\lombok-1.18.39-4050.jar path:c:\Users\User\.vscode\extensions\redhat.java-1.46.0-win32-x64\jre\21.0.8-win32-x86_64\bin\instrument.dll, loaded, initialized, instrumentlib options:none

dbghelp: loaded successfully - version: 4.0.5 - missing functions: none
symbol engine: initialized successfully - sym options: 0x614 - pdb path: .;c:\Users\User\.vscode\extensions\redhat.java-1.46.0-win32-x64\jre\21.0.8-win32-x86_64\bin;C:\Windows\SYSTEM32;C:\Windows\WinSxS\amd64_microsoft.windows.common-controls_6595b64144ccf1df_6.0.19041.6456_none_60b8a6cb71f64256;c:\Users\User\.vscode\extensions\redhat.java-1.46.0-win32-x64\jre\21.0.8-win32-x86_64\bin\server;C:\Users\User\AppData\Roaming\Code\User\globalStorage\redhat.java\1.46.0\config_win\org.eclipse.equinox.launcher\org.eclipse.equinox.launcher.win32.win32.x86_64_1.2.1400.v20250801-0854;C:\Users\User\AppData\Local\Temp\jna-2645995

VM Arguments:
jvm_args: --add-modules=ALL-SYSTEM --add-opens=java.base/java.util=ALL-UNNAMED --add-opens=java.base/java.lang=ALL-UNNAMED --add-opens=java.base/sun.nio.fs=ALL-UNNAMED -Declipse.application=org.eclipse.jdt.ls.core.id1 -Dosgi.bundles.defaultStartLevel=4 -Declipse.product=org.eclipse.jdt.ls.core.product -Djava.import.generatesMetadataFilesAtProjectRoot=false -DDetectVMInstallationsJob.disabled=true -Dfile.encoding=utf8 -XX:+UseParallelGC -XX:GCTimeRatio=4 -XX:AdaptiveSizePolicyWeight=90 -Dsun.zip.disableMemoryMapping=true -Xmx2G -Xms100m -Xlog:disable -javaagent:c:\Users\User\.vscode\extensions\redhat.java-1.46.0-win32-x64\lombok\lombok-1.18.39-4050.jar -XX:+HeapDumpOnOutOfMemoryError -XX:HeapDumpPath=c:\Users\User\AppData\Roaming\Code\User\workspaceStorage\d4b9012fc853282cb1a6ceb822681516\redhat.java -Daether.dependencyCollector.impl=bf 
java_command: c:\Users\User\.vscode\extensions\redhat.java-1.46.0-win32-x64\server\plugins\org.eclipse.equinox.launcher_1.7.0.v20250519-0528.jar -configuration c:\Users\User\AppData\Roaming\Code\User\globalStorage\redhat.java\1.46.0\config_win -data c:\Users\User\AppData\Roaming\Code\User\workspaceStorage\d4b9012fc853282cb1a6ceb822681516\redhat.java\jdt_ws --pipe=\\.\pipe\lsp-3fa24c5f4344f422b42c9c1960af00d0-sock
java_class_path (initial): c:\Users\User\.vscode\extensions\redhat.java-1.46.0-win32-x64\server\plugins\org.eclipse.equinox.launcher_1.7.0.v20250519-0528.jar
Launcher Type: SUN_STANDARD

[Global flags]
    uintx AdaptiveSizePolicyWeight                 = 90                                        {product} {command line}
     intx CICompilerCount                          = 4                                         {product} {ergonomic}
    uintx GCTimeRatio                              = 4                                         {product} {command line}
     bool HeapDumpOnOutOfMemoryError               = true                                   {manageable} {command line}
    ccstr HeapDumpPath                             = c:\Users\User\AppData\Roaming\Code\User\workspaceStorage\d4b9012fc853282cb1a6ceb822681516\redhat.java         {manageable} {command line}
   size_t InitialHeapSize                          = 104857600                                 {product} {command line}
   size_t MaxHeapSize                              = 2147483648                                {product} {command line}
   size_t MaxNewSize                               = 715653120                                 {product} {ergonomic}
   size_t MinHeapDeltaBytes                        = 524288                                    {product} {ergonomic}
   size_t MinHeapSize                              = 104857600                                 {product} {command line}
   size_t NewSize                                  = 34603008                                  {product} {ergonomic}
    uintx NonNMethodCodeHeapSize                   = 5839372                                {pd product} {ergonomic}
    uintx NonProfiledCodeHeapSize                  = 122909434                              {pd product} {ergonomic}
   size_t OldSize                                  = 70254592                                  {product} {ergonomic}
    uintx ProfiledCodeHeapSize                     = 122909434                              {pd product} {ergonomic}
    uintx ReservedCodeCacheSize                    = 251658240                              {pd product} {ergonomic}
     bool SegmentedCodeCache                       = true                                      {product} {ergonomic}
   size_t SoftMaxHeapSize                          = 2147483648                             {manageable} {ergonomic}
     bool UseCompressedOops                        = true                           {product lp64_product} {ergonomic}
     bool UseLargePagesIndividualAllocation        = false                                  {pd product} {ergonomic}
     bool UseParallelGC                            = true                                      {product} {command line}

Logging:
Log output configuration:
 #0: stdout all=off uptime,level,tags foldmultilines=false
 #1: stderr all=off uptime,level,tags foldmultilines=false

Environment Variables:
PATH=C:\Program Files\Eclipse Adoptium\jdk-17.0.16.8-hotspot\bin;C:\Windows\system32;C:\Windows;C:\Windows\System32\Wbem;C:\Windows\System32\WindowsPowerShell\v1.0\;C:\Windows\System32\OpenSSH\;C:\Program Files (x86)\Microsoft SQL Server\160\Tools\Binn\;C:\Program Files\Microsoft SQL Server\160\Tools\Binn\;C:\Program Files\Microsoft SQL Server\Client SDK\ODBC\170\Tools\Binn\;C:\Program Files\Microsoft SQL Server\160\DTS\Binn\;C:\Program Files\Microsoft SQL Server\150\Tools\Binn\;C:\Program Files\Git\cmd;C:\Program Files\nodejs\;C:\Users\User\AppData\Local\Microsoft\WindowsApps;C:\Users\User\AppData\Local\Programs\Microsoft VS Code\bin;C:\apache-maven-3.9.11\bin;C:\Users\User\AppData\Local\Python\bin;C:\Users\User\AppData\Roaming\npm
USERNAME=User
OS=Windows_NT
PROCESSOR_IDENTIFIER=Intel64 Family 6 Model 142 Stepping 10, GenuineIntel
TMP=C:\Users\User\AppData\Local\Temp
TEMP=C:\Users\User\AppData\Local\Temp




Periodic native trim disabled

---------------  S Y S T E M  ---------------

OS:
 Windows 10 , 64 bit Build 19041 (10.0.19041.5915)
OS uptime: 0 days 5:30 hours

CPU: total 8 (initial active 8) (4 cores per cpu, 2 threads per core) family 6 model 142 stepping 10 microcode 0xb4, cx8, cmov, fxsr, ht, mmx, 3dnowpref, sse, sse2, sse3, ssse3, sse4.1, sse4.2, popcnt, lzcnt, tsc, tscinvbit, avx, avx2, aes, erms, clmul, bmi1, bmi2, adx, fma, vzeroupper, clflush, clflushopt, rdtscp, f16c
Processor Information for the first 8 processors :
  Max Mhz: 1800, Current Mhz: 1600, Mhz Limit: 1584

Memory: 4k page, system-wide physical 8068M (363M free)
TotalPageFile size 13925M (AvailPageFile size 6M)
current process WorkingSet (physical memory assigned to process): 193M, peak: 194M
current process commit charge ("private bytes"): 317M, peak: 319M

vm_info: OpenJDK 64-Bit Server VM (21.0.8+9-LTS) for windows-amd64 JRE (21.0.8+9-LTS), built on 2025-07-15T00:00:00Z by "admin" with MS VC++ 17.7 (VS2022)

END.
